app/build/intermediates/manifest_merge_blame_file/debug/processDebugMainManifest/manifest-merger-blame-debug-report.txt
1<?xml version="1.0" encoding="utf-8"?>
2<manifest xmlns:android="http://schemas.android.com/apk/res/android"
3    package="com.boattaxie.app"
4    android:versionCode="1"
5    android:versionName="1.0.0" >
6
7    <uses-sdk
8        android:minSdkVersion="26"
9        android:targetSdkVersion="34" />
10
11    <!-- Permissions -->
12    <uses-permission android:name="android.permission.INTERNET" />
12-->src\main\AndroidManifest.xml:6:5-67
12-->src\main\AndroidManifest.xml:6:22-64
13    <uses-permission android:name="android.permission.ACCESS_NETWORK_STATE" />
13-->src\main\AndroidManifest.xml:7:5-79
13-->src\main\AndroidManifest.xml:7:22-76
14    <uses-permission android:name="android.permission.ACCESS_FINE_LOCATION" />
14-->src\main\AndroidManifest.xml:8:5-79
14-->src\main\AndroidManifest.xml:8:22-76
15    <uses-permission android:name="android.permission.ACCESS_COARSE_LOCATION" />
15-->src\main\AndroidManifest.xml:9:5-81
15-->src\main\AndroidManifest.xml:9:22-78
16    <uses-permission android:name="android.permission.ACCESS_BACKGROUND_LOCATION" />
16-->src\main\AndroidManifest.xml:10:5-85
16-->src\main\AndroidManifest.xml:10:22-82
17    <uses-permission android:name="android.permission.CAMERA" />
17-->src\main\AndroidManifest.xml:11:5-65
17-->src\main\AndroidManifest.xml:11:22-62
18    <uses-permission
18-->src\main\AndroidManifest.xml:12:5-13:38
19        android:name="android.permission.READ_EXTERNAL_STORAGE"
19-->src\main\AndroidManifest.xml:12:22-77
20        android:maxSdkVersion="32" />
20-->src\main\AndroidManifest.xml:13:9-35
21    <uses-permission android:name="android.permission.READ_MEDIA_IMAGES" />
21-->src\main\AndroidManifest.xml:14:5-76
21-->src\main\AndroidManifest.xml:14:22-73
22    <uses-permission android:name="android.permission.VIBRATE" />
22-->src\main\AndroidManifest.xml:15:5-66
22-->src\main\AndroidManifest.xml:15:22-63
23    <uses-permission android:name="android.permission.POST_NOTIFICATIONS" />
23-->src\main\AndroidManifest.xml:16:5-77
23-->src\main\AndroidManifest.xml:16:22-74
24    <uses-permission android:name="android.permission.FOREGROUND_SERVICE" />
24-->src\main\AndroidManifest.xml:17:5-77
24-->src\main\AndroidManifest.xml:17:22-74
25    <uses-permission android:name="android.permission.FOREGROUND_SERVICE_LOCATION" />
25-->src\main\AndroidManifest.xml:18:5-86
25-->src\main\AndroidManifest.xml:18:22-83
26
27    <uses-feature
27-->src\main\AndroidManifest.xml:20:5-85
28        android:name="android.hardware.camera"
28-->src\main\AndroidManifest.xml:20:19-57
29        android:required="false" />
29-->src\main\AndroidManifest.xml:20:58-82
30    <uses-feature
30-->src\main\AndroidManifest.xml:21:5-90
31        android:name="android.hardware.location.gps"
31-->src\main\AndroidManifest.xml:21:19-63
32        android:required="true" />
32-->src\main\AndroidManifest.xml:21:64-87
33
34    <uses-permission android:name="android.permission.ACCESS_WIFI_STATE" /> <!-- See https://developer.android.com/training/package-visibility/declaring for more details. -->
34-->[com.google.android.libraries.places:places:3.3.0] AndroidManifest.xml:11:5-76
34-->[com.google.android.libraries.places:places:3.3.0] AndroidManifest.xml:11:22-73
35    <queries>
35-->[com.stripe:payments-core:20.25.0] AndroidManifest.xml:8:5-12:15
36
37        <!-- Added to check if Chrome is installed for browser-based payment authentication (e.g. 3DS1). -->
38        <package android:name="com.android.chrome" />
38-->[com.stripe:payments-core:20.25.0] AndroidManifest.xml:11:9-54
38-->[com.stripe:payments-core:20.25.0] AndroidManifest.xml:11:18-51
39        <!-- Needs to be explicitly declared on Android R+ -->
40        <package android:name="com.google.android.apps.maps" /> <!-- Added to check the default browser that will host the AuthFlow. -->
40-->[com.google.android.gms:play-services-maps:18.2.0] AndroidManifest.xml:33:9-64
40-->[com.google.android.gms:play-services-maps:18.2.0] AndroidManifest.xml:33:18-61
41        <intent>
41-->[com.stripe:financial-connections:20.25.0] AndroidManifest.xml:13:9-17:18
42            <action android:name="android.intent.action.VIEW" />
42-->src\main\AndroidManifest.xml:64:17-69
42-->src\main\AndroidManifest.xml:64:25-66
43
44            <data android:scheme="http" />
44-->src\main\AndroidManifest.xml:67:17-52
44-->src\main\AndroidManifest.xml:67:23-49
45        </intent> <!-- For browser content -->
46        <intent>
46-->[com.google.android.gms:play-services-ads-lite:22.6.0] AndroidManifest.xml:38:9-44:18
47            <action android:name="android.intent.action.VIEW" />
47-->src\main\AndroidManifest.xml:64:17-69
47-->src\main\AndroidManifest.xml:64:25-66
48
49            <category android:name="android.intent.category.BROWSABLE" />
49-->src\main\AndroidManifest.xml:66:17-78
49-->src\main\AndroidManifest.xml:66:27-75
50
51            <data android:scheme="https" />
51-->src\main\AndroidManifest.xml:67:17-52
51-->src\main\AndroidManifest.xml:67:23-49
52        </intent> <!-- End of browser content -->
53        <!-- For CustomTabsService -->
54        <intent>
54-->[com.google.android.gms:play-services-ads-lite:22.6.0] AndroidManifest.xml:47:9-49:18
55            <action android:name="android.support.customtabs.action.CustomTabsService" />
55-->[com.google.android.gms:play-services-ads-lite:22.6.0] AndroidManifest.xml:48:13-90
55-->[com.google.android.gms:play-services-ads-lite:22.6.0] AndroidManifest.xml:48:21-87
56        </intent>
57    </queries>
58
59    <uses-feature
59-->[com.google.android.gms:play-services-maps:18.2.0] AndroidManifest.xml:26:5-28:35
60        android:glEsVersion="0x00020000"
60-->[com.google.android.gms:play-services-maps:18.2.0] AndroidManifest.xml:27:9-41
61        android:required="true" />
61-->[com.google.android.gms:play-services-maps:18.2.0] AndroidManifest.xml:28:9-32
62
63    <uses-permission android:name="android.permission.WAKE_LOCK" /> <!-- Required by older versions of Google Play services to create IID tokens -->
63-->[com.google.firebase:firebase-messaging:23.4.0] AndroidManifest.xml:24:5-68
63-->[com.google.firebase:firebase-messaging:23.4.0] AndroidManifest.xml:24:22-65
64    <uses-permission android:name="com.google.android.c2dm.permission.RECEIVE" />
64-->[com.google.firebase:firebase-messaging:23.4.0] AndroidManifest.xml:26:5-82
64-->[com.google.firebase:firebase-messaging:23.4.0] AndroidManifest.xml:26:22-79
65    <uses-permission android:name="com.google.android.gms.permission.AD_ID" />
65-->[com.google.android.gms:play-services-ads-lite:22.6.0] AndroidManifest.xml:26:5-79
65-->[com.google.android.gms:play-services-ads-lite:22.6.0] AndroidManifest.xml:26:22-76
66    <uses-permission android:name="android.permission.ACCESS_ADSERVICES_AD_ID" />
66-->[com.google.android.gms:play-services-ads-lite:22.6.0] AndroidManifest.xml:27:5-82
66-->[com.google.android.gms:play-services-ads-lite:22.6.0] AndroidManifest.xml:27:22-79
67    <uses-permission android:name="android.permission.ACCESS_ADSERVICES_ATTRIBUTION" />
67-->[com.google.android.gms:play-services-ads-lite:22.6.0] AndroidManifest.xml:28:5-88
67-->[com.google.android.gms:play-services-ads-lite:22.6.0] AndroidManifest.xml:28:22-85
68    <uses-permission android:name="android.permission.ACCESS_ADSERVICES_TOPICS" />
68-->[com.google.android.gms:play-services-ads-lite:22.6.0] AndroidManifest.xml:29:5-83
68-->[com.google.android.gms:play-services-ads-lite:22.6.0] AndroidManifest.xml:29:22-80
69    <uses-permission android:name="com.google.android.finsky.permission.BIND_GET_INSTALL_REFERRER_SERVICE" />
69-->[com.google.android.gms:play-services-measurement:21.5.0] AndroidManifest.xml:26:5-110
69-->[com.google.android.gms:play-services-measurement:21.5.0] AndroidManifest.xml:26:22-107
70
71    <permission
71-->[androidx.core:core:1.12.0] AndroidManifest.xml:22:5-24:47
72        android:name="com.boattaxie.app.DYNAMIC_RECEIVER_NOT_EXPORTED_PERMISSION"
72-->[androidx.core:core:1.12.0] AndroidManifest.xml:23:9-81
73        android:protectionLevel="signature" />
73-->[androidx.core:core:1.12.0] AndroidManifest.xml:24:9-44
74
75    <uses-permission android:name="com.boattaxie.app.DYNAMIC_RECEIVER_NOT_EXPORTED_PERMISSION" />
75-->[androidx.core:core:1.12.0] AndroidManifest.xml:26:5-97
75-->[androidx.core:core:1.12.0] AndroidManifest.xml:26:22-94
76
77    <application
77-->src\main\AndroidManifest.xml:23:5-97:19
78        android:name="com.boattaxie.app.BoatTaxieApplication"
78-->src\main\AndroidManifest.xml:24:9-45
79        android:allowBackup="true"
79-->src\main\AndroidManifest.xml:25:9-35
80        android:appComponentFactory="androidx.core.app.CoreComponentFactory"
80-->[androidx.core:core:1.12.0] AndroidManifest.xml:28:18-86
81        android:dataExtractionRules="@xml/data_extraction_rules"
81-->src\main\AndroidManifest.xml:26:9-65
82        android:debuggable="true"
83        android:extractNativeLibs="false"
84        android:fullBackupContent="@xml/backup_rules"
84-->src\main\AndroidManifest.xml:27:9-54
85        android:icon="@mipmap/ic_launcher"
85-->src\main\AndroidManifest.xml:28:9-43
86        android:label="@string/app_name"
86-->src\main\AndroidManifest.xml:29:9-41
87        android:networkSecurityConfig="@xml/network_security_config"
87-->src\main\AndroidManifest.xml:30:9-69
88        android:roundIcon="@mipmap/ic_launcher_round"
88-->src\main\AndroidManifest.xml:31:9-54
89        android:supportsRtl="true"
89-->src\main\AndroidManifest.xml:32:9-35
90        android:theme="@style/Theme.BoatTaxie"
90-->src\main\AndroidManifest.xml:33:9-47
91        android:usesCleartextTraffic="true" >
91-->src\main\AndroidManifest.xml:34:9-44
92
93        <!-- Fix manifest merger conflict between AdMob and Firebase -->
94        <property
94-->src\main\AndroidManifest.xml:38:9-41:48
95            android:name="android.adservices.AD_SERVICES_CONFIG"
95-->src\main\AndroidManifest.xml:39:13-65
96            android:resource="@xml/gma_ad_services_config" />
96-->src\main\AndroidManifest.xml:40:13-59
97
98        <!-- Google Maps API Key -->
99        <meta-data
100            android:name="com.google.android.geo.API_KEY"
100-->src\main\AndroidManifest.xml:45:13-58
101            android:value="AIzaSyDUTTUXL-5mPV0cxEzq42pqB9UXUEQ2nlk" />
101-->src\main\AndroidManifest.xml:46:13-44
102
103        <!-- AdMob App ID - Using test ID for development -->
104        <meta-data
104-->src\main\AndroidManifest.xml:49:9-51:70
105            android:name="com.google.android.gms.ads.APPLICATION_ID"
105-->src\main\AndroidManifest.xml:50:13-69
106            android:value="ca-app-pub-3940256099942544~3347511713" />
106-->src\main\AndroidManifest.xml:51:13-67
107
108        <activity
108-->src\main\AndroidManifest.xml:53:9-69:20
109            android:name="com.boattaxie.app.ui.MainActivity"
109-->src\main\AndroidManifest.xml:54:13-44
110            android:exported="true"
110-->src\main\AndroidManifest.xml:55:13-36
111            android:label="@string/app_name"
111-->src\main\AndroidManifest.xml:56:13-45
112            android:screenOrientation="portrait"
112-->src\main\AndroidManifest.xml:58:13-49
113            android:theme="@style/Theme.BoatTaxie" >
113-->src\main\AndroidManifest.xml:57:13-51
114            <intent-filter>
114-->src\main\AndroidManifest.xml:59:13-62:29
115                <action android:name="android.intent.action.MAIN" />
115-->src\main\AndroidManifest.xml:60:17-69
115-->src\main\AndroidManifest.xml:60:25-66
116
117                <category android:name="android.intent.category.LAUNCHER" />
117-->src\main\AndroidManifest.xml:61:17-77
117-->src\main\AndroidManifest.xml:61:27-74
118            </intent-filter>
119            <intent-filter>
119-->src\main\AndroidManifest.xml:63:13-68:29
120                <action android:name="android.intent.action.VIEW" />
120-->src\main\AndroidManifest.xml:64:17-69
120-->src\main\AndroidManifest.xml:64:25-66
121
122                <category android:name="android.intent.category.DEFAULT" />
122-->src\main\AndroidManifest.xml:65:17-76
122-->src\main\AndroidManifest.xml:65:27-73
123                <category android:name="android.intent.category.BROWSABLE" />
123-->src\main\AndroidManifest.xml:66:17-78
123-->src\main\AndroidManifest.xml:66:27-75
124
125                <data android:scheme="boattaxie" />
125-->src\main\AndroidManifest.xml:67:17-52
125-->src\main\AndroidManifest.xml:67:23-49
126            </intent-filter>
127        </activity>
128
129        <!-- Location Tracking Service -->
130        <service
130-->src\main\AndroidManifest.xml:72:9-76:56
131            android:name="com.boattaxie.app.service.LocationTrackingService"
131-->src\main\AndroidManifest.xml:73:13-60
132            android:enabled="true"
132-->src\main\AndroidManifest.xml:74:13-35
133            android:exported="false"
133-->src\main\AndroidManifest.xml:75:13-37
134            android:foregroundServiceType="location" />
134-->src\main\AndroidManifest.xml:76:13-53
135
136        <!-- Firebase Messaging Service -->
137        <service
137-->src\main\AndroidManifest.xml:79:9-85:19
138            android:name="com.boattaxie.app.service.BoatTaxieMessagingService"
138-->src\main\AndroidManifest.xml:80:13-62
139            android:exported="false" >
139-->src\main\AndroidManifest.xml:81:13-37
140            <intent-filter>
140-->src\main\AndroidManifest.xml:82:13-84:29
141                <action android:name="com.google.firebase.MESSAGING_EVENT" />
141-->src\main\AndroidManifest.xml:83:17-78
141-->src\main\AndroidManifest.xml:83:25-75
142            </intent-filter>
143        </service>
144
145        <!-- File Provider for Camera -->
146        <provider
147            android:name="androidx.core.content.FileProvider"
147-->src\main\AndroidManifest.xml:89:13-62
148            android:authorities="com.boattaxie.app.fileprovider"
148-->src\main\AndroidManifest.xml:90:13-64
149            android:exported="false"
149-->src\main\AndroidManifest.xml:91:13-37
150            android:grantUriPermissions="true" >
150-->src\main\AndroidManifest.xml:92:13-47
151            <meta-data
151-->src\main\AndroidManifest.xml:93:13-95:54
152                android:name="android.support.FILE_PROVIDER_PATHS"
152-->src\main\AndroidManifest.xml:94:17-67
153                android:resource="@xml/file_paths" />
153-->src\main\AndroidManifest.xml:95:17-51
154        </provider>
155        <!--
156        Service for holding metadata. Cannot be instantiated.
157        Metadata will be merged from other manifests.
158        -->
159        <service
159-->[androidx.camera:camera-core:1.3.1] AndroidManifest.xml:29:9-33:78
160            android:name="androidx.camera.core.impl.MetadataHolderService"
160-->[androidx.camera:camera-core:1.3.1] AndroidManifest.xml:30:13-75
161            android:enabled="false"
161-->[androidx.camera:camera-core:1.3.1] AndroidManifest.xml:31:13-36
162            android:exported="false" >
162-->[androidx.camera:camera-core:1.3.1] AndroidManifest.xml:32:13-37
163            <meta-data
163-->[androidx.camera:camera-camera2:1.3.1] AndroidManifest.xml:30:13-32:89
164                android:name="androidx.camera.core.impl.MetadataHolderService.DEFAULT_CONFIG_PROVIDER"
164-->[androidx.camera:camera-camera2:1.3.1] AndroidManifest.xml:31:17-103
165                android:value="androidx.camera.camera2.Camera2Config$DefaultProvider" />
165-->[androidx.camera:camera-camera2:1.3.1] AndroidManifest.xml:32:17-86
166        </service>
167
168        <activity
168-->[com.google.android.libraries.places:places:3.3.0] AndroidManifest.xml:15:9-21:20
169            android:name="com.google.android.libraries.places.widget.AutocompleteActivity"
169-->[com.google.android.libraries.places:places:3.3.0] AndroidManifest.xml:16:13-91
170            android:exported="false"
170-->[com.google.android.libraries.places:places:3.3.0] AndroidManifest.xml:17:13-37
171            android:label="@string/places_autocomplete_label"
171-->[com.google.android.libraries.places:places:3.3.0] AndroidManifest.xml:18:13-62
172            android:theme="@style/PlacesAutocompleteOverlay"
172-->[com.google.android.libraries.places:places:3.3.0] AndroidManifest.xml:19:13-61
173            android:windowSoftInputMode="adjustResize" >
173-->[com.google.android.libraries.places:places:3.3.0] AndroidManifest.xml:20:13-55
174        </activity>
175        <activity
175-->[com.stripe:paymentsheet:20.25.0] AndroidManifest.xml:8:9-12:58
176            android:name="com.stripe.android.paymentsheet.PaymentSheetActivity"
176-->[com.stripe:paymentsheet:20.25.0] AndroidManifest.xml:9:13-80
177            android:exported="false"
177-->[com.stripe:paymentsheet:20.25.0] AndroidManifest.xml:10:13-37
178            android:theme="@style/StripePaymentSheetDefaultTheme"
178-->[com.stripe:paymentsheet:20.25.0] AndroidManifest.xml:11:13-66
179            android:windowSoftInputMode="adjustResize" />
179-->[com.stripe:paymentsheet:20.25.0] AndroidManifest.xml:12:13-55
180        <activity
180-->[com.stripe:paymentsheet:20.25.0] AndroidManifest.xml:13:9-17:58
181            android:name="com.stripe.android.paymentsheet.PaymentOptionsActivity"
181-->[com.stripe:paymentsheet:20.25.0] AndroidManifest.xml:14:13-82
182            android:exported="false"
182-->[com.stripe:paymentsheet:20.25.0] AndroidManifest.xml:15:13-37
183            android:theme="@style/StripePaymentSheetDefaultTheme"
183-->[com.stripe:paymentsheet:20.25.0] AndroidManifest.xml:16:13-66
184            android:windowSoftInputMode="adjustResize" />
184-->[com.stripe:paymentsheet:20.25.0] AndroidManifest.xml:17:13-55
185        <activity
185-->[com.stripe:paymentsheet:20.25.0] AndroidManifest.xml:18:9-21:69
186            android:name="com.stripe.android.paymentsheet.addresselement.AddressElementActivity"
186-->[com.stripe:paymentsheet:20.25.0] AndroidManifest.xml:19:13-97
187            android:exported="false"
187-->[com.stripe:paymentsheet:20.25.0] AndroidManifest.xml:20:13-37
188            android:theme="@style/StripePaymentSheetDefaultTheme" />
188-->[com.stripe:paymentsheet:20.25.0] AndroidManifest.xml:21:13-66
189        <activity
189-->[com.stripe:paymentsheet:20.25.0] AndroidManifest.xml:22:9-25:69
190            android:name="com.stripe.android.paymentsheet.paymentdatacollection.polling.PollingActivity"
190-->[com.stripe:paymentsheet:20.25.0] AndroidManifest.xml:23:13-105
191            android:exported="false"
191-->[com.stripe:paymentsheet:20.25.0] AndroidManifest.xml:24:13-37
192            android:theme="@style/StripePaymentSheetDefaultTheme" />
192-->[com.stripe:paymentsheet:20.25.0] AndroidManifest.xml:25:13-66
193        <activity
193-->[com.stripe:link:20.25.0] AndroidManifest.xml:8:9-13:58
194            android:name="com.stripe.android.link.LinkActivity"
194-->[com.stripe:link:20.25.0] AndroidManifest.xml:9:13-64
195            android:exported="false"
195-->[com.stripe:link:20.25.0] AndroidManifest.xml:10:13-37
196            android:label="@string/stripe_link"
196-->[com.stripe:link:20.25.0] AndroidManifest.xml:11:13-48
197            android:theme="@style/StripeLinkBaseTheme"
197-->[com.stripe:link:20.25.0] AndroidManifest.xml:12:13-55
198            android:windowSoftInputMode="adjustResize" />
198-->[com.stripe:link:20.25.0] AndroidManifest.xml:13:13-55
199        <activity
199-->[com.stripe:payments-ui-core:20.25.0] AndroidManifest.xml:8:9-11:69
200            android:name="com.stripe.android.ui.core.cardscan.CardScanActivity"
200-->[com.stripe:payments-ui-core:20.25.0] AndroidManifest.xml:9:13-80
201            android:exported="false"
201-->[com.stripe:payments-ui-core:20.25.0] AndroidManifest.xml:10:13-37
202            android:theme="@style/StripePaymentSheetDefaultTheme" />
202-->[com.stripe:payments-ui-core:20.25.0] AndroidManifest.xml:11:13-66
203        <activity
203-->[com.stripe:payments-core:20.25.0] AndroidManifest.xml:15:9-18:57
204            android:name="com.stripe.android.view.AddPaymentMethodActivity"
204-->[com.stripe:payments-core:20.25.0] AndroidManifest.xml:16:13-76
205            android:exported="false"
205-->[com.stripe:payments-core:20.25.0] AndroidManifest.xml:17:13-37
206            android:theme="@style/StripeDefaultTheme" />
206-->[com.stripe:payments-core:20.25.0] AndroidManifest.xml:18:13-54
207        <activity
207-->[com.stripe:payments-core:20.25.0] AndroidManifest.xml:19:9-22:57
208            android:name="com.stripe.android.view.PaymentMethodsActivity"
208-->[com.stripe:payments-core:20.25.0] AndroidManifest.xml:20:13-74
209            android:exported="false"
209-->[com.stripe:payments-core:20.25.0] AndroidManifest.xml:21:13-37
210            android:theme="@style/StripeDefaultTheme" />
210-->[com.stripe:payments-core:20.25.0] AndroidManifest.xml:22:13-54
211        <activity
211-->[com.stripe:payments-core:20.25.0] AndroidManifest.xml:23:9-26:57
212            android:name="com.stripe.android.view.PaymentFlowActivity"
212-->[com.stripe:payments-core:20.25.0] AndroidManifest.xml:24:13-71
213            android:exported="false"
213-->[com.stripe:payments-core:20.25.0] AndroidManifest.xml:25:13-37
214            android:theme="@style/StripeDefaultTheme" />
214-->[com.stripe:payments-core:20.25.0] AndroidManifest.xml:26:13-54
215        <activity
215-->[com.stripe:payments-core:20.25.0] AndroidManifest.xml:27:9-31:58
216            android:name="com.stripe.android.view.PaymentAuthWebViewActivity"
216-->[com.stripe:payments-core:20.25.0] AndroidManifest.xml:28:13-78
217            android:exported="false"
217-->[com.stripe:payments-core:20.25.0] AndroidManifest.xml:29:13-37
218            android:theme="@style/StripeDefaultTheme"
218-->[com.stripe:payments-core:20.25.0] AndroidManifest.xml:30:13-54
219            android:windowSoftInputMode="adjustResize" />
219-->[com.stripe:payments-core:20.25.0] AndroidManifest.xml:31:13-55
220        <activity
220-->[com.stripe:payments-core:20.25.0] AndroidManifest.xml:32:9-35:61
221            android:name="com.stripe.android.view.PaymentRelayActivity"
221-->[com.stripe:payments-core:20.25.0] AndroidManifest.xml:33:13-72
222            android:exported="false"
222-->[com.stripe:payments-core:20.25.0] AndroidManifest.xml:34:13-37
223            android:theme="@style/StripeTransparentTheme" />
223-->[com.stripe:payments-core:20.25.0] AndroidManifest.xml:35:13-58
224        <!--
225        Set android:launchMode="singleTop" so that the StripeBrowserLauncherActivity instance that
226        launched the browser Activity will also handle the return URL deep link.
227        -->
228        <activity
228-->[com.stripe:payments-core:20.25.0] AndroidManifest.xml:41:9-45:61
229            android:name="com.stripe.android.payments.StripeBrowserLauncherActivity"
229-->[com.stripe:payments-core:20.25.0] AndroidManifest.xml:42:13-85
230            android:exported="false"
230-->[com.stripe:payments-core:20.25.0] AndroidManifest.xml:43:13-37
231            android:launchMode="singleTask"
231-->[com.stripe:payments-core:20.25.0] AndroidManifest.xml:44:13-44
232            android:theme="@style/StripeTransparentTheme" />
232-->[com.stripe:payments-core:20.25.0] AndroidManifest.xml:45:13-58
233        <activity
233-->[com.stripe:payments-core:20.25.0] AndroidManifest.xml:46:9-63:20
234            android:name="com.stripe.android.payments.StripeBrowserProxyReturnActivity"
234-->[com.stripe:payments-core:20.25.0] AndroidManifest.xml:47:13-88
235            android:exported="true"
235-->[com.stripe:payments-core:20.25.0] AndroidManifest.xml:48:13-36
236            android:launchMode="singleTask"
236-->[com.stripe:payments-core:20.25.0] AndroidManifest.xml:49:13-44
237            android:theme="@style/StripeTransparentTheme" >
237-->[com.stripe:payments-core:20.25.0] AndroidManifest.xml:50:13-58
238            <intent-filter>
238-->[com.stripe:payments-core:20.25.0] AndroidManifest.xml:51:13-62:29
239                <action android:name="android.intent.action.VIEW" />
239-->src\main\AndroidManifest.xml:64:17-69
239-->src\main\AndroidManifest.xml:64:25-66
240
241                <category android:name="android.intent.category.DEFAULT" />
241-->src\main\AndroidManifest.xml:65:17-76
241-->src\main\AndroidManifest.xml:65:27-73
242                <category android:name="android.intent.category.BROWSABLE" />
242-->src\main\AndroidManifest.xml:66:17-78
242-->src\main\AndroidManifest.xml:66:27-75
243
244                <!-- Must match `DefaultReturnUrl#value`. -->
245                <data
245-->src\main\AndroidManifest.xml:67:17-52
246                    android:host="payment_return_url"
247                    android:path="/com.boattaxie.app"
248                    android:scheme="stripesdk" />
248-->src\main\AndroidManifest.xml:67:23-49
249            </intent-filter>
250        </activity>
251        <activity
251-->[com.stripe:payments-core:20.25.0] AndroidManifest.xml:64:9-67:57
252            android:name="com.stripe.android.payments.core.authentication.threeds2.Stripe3ds2TransactionActivity"
252-->[com.stripe:payments-core:20.25.0] AndroidManifest.xml:65:13-114
253            android:exported="false"
253-->[com.stripe:payments-core:20.25.0] AndroidManifest.xml:66:13-37
254            android:theme="@style/StripeDefaultTheme" />
254-->[com.stripe:payments-core:20.25.0] AndroidManifest.xml:67:13-54
255        <activity
255-->[com.stripe:payments-core:20.25.0] AndroidManifest.xml:68:9-71:66
256            android:name="com.stripe.android.googlepaylauncher.StripeGooglePayActivity"
256-->[com.stripe:payments-core:20.25.0] AndroidManifest.xml:69:13-88
257            android:exported="false"
257-->[com.stripe:payments-core:20.25.0] AndroidManifest.xml:70:13-37
258            android:theme="@style/StripeGooglePayDefaultTheme" />
258-->[com.stripe:payments-core:20.25.0] AndroidManifest.xml:71:13-63
259        <activity
259-->[com.stripe:payments-core:20.25.0] AndroidManifest.xml:72:9-75:66
260            android:name="com.stripe.android.googlepaylauncher.GooglePayLauncherActivity"
260-->[com.stripe:payments-core:20.25.0] AndroidManifest.xml:73:13-90
261            android:exported="false"
261-->[com.stripe:payments-core:20.25.0] AndroidManifest.xml:74:13-37
262            android:theme="@style/StripeGooglePayDefaultTheme" />
262-->[com.stripe:payments-core:20.25.0] AndroidManifest.xml:75:13-63
263        <activity
263-->[com.stripe:payments-core:20.25.0] AndroidManifest.xml:76:9-79:66
264            android:name="com.stripe.android.googlepaylauncher.GooglePayPaymentMethodLauncherActivity"
264-->[com.stripe:payments-core:20.25.0] AndroidManifest.xml:77:13-103
265            android:exported="false"
265-->[com.stripe:payments-core:20.25.0] AndroidManifest.xml:78:13-37
266            android:theme="@style/StripeGooglePayDefaultTheme" />
266-->[com.stripe:payments-core:20.25.0] AndroidManifest.xml:79:13-63
267        <activity
267-->[com.stripe:payments-core:20.25.0] AndroidManifest.xml:80:9-83:68
268            android:name="com.stripe.android.payments.paymentlauncher.PaymentLauncherConfirmationActivity"
268-->[com.stripe:payments-core:20.25.0] AndroidManifest.xml:81:13-107
269            android:exported="false"
269-->[com.stripe:payments-core:20.25.0] AndroidManifest.xml:82:13-37
270            android:theme="@style/StripePayLauncherDefaultTheme" />
270-->[com.stripe:payments-core:20.25.0] AndroidManifest.xml:83:13-65
271        <activity
271-->[com.stripe:payments-core:20.25.0] AndroidManifest.xml:84:9-87:61
272            android:name="com.stripe.android.payments.bankaccount.ui.CollectBankAccountActivity"
272-->[com.stripe:payments-core:20.25.0] AndroidManifest.xml:85:13-97
273            android:exported="false"
273-->[com.stripe:payments-core:20.25.0] AndroidManifest.xml:86:13-37
274            android:theme="@style/StripeTransparentTheme" /> <!-- Needs to be explicitly declared on P+ -->
274-->[com.stripe:payments-core:20.25.0] AndroidManifest.xml:87:13-58
275        <uses-library
275-->[com.google.android.gms:play-services-maps:18.2.0] AndroidManifest.xml:39:9-41:40
276            android:name="org.apache.http.legacy"
276-->[com.google.android.gms:play-services-maps:18.2.0] AndroidManifest.xml:40:13-50
277            android:required="false" />
277-->[com.google.android.gms:play-services-maps:18.2.0] AndroidManifest.xml:41:13-37
278
279        <service
279-->[com.google.firebase:firebase-firestore:24.10.0] AndroidManifest.xml:14:9-23:19
280            android:name="com.google.firebase.components.ComponentDiscoveryService"
280-->[com.google.firebase:firebase-firestore:24.10.0] AndroidManifest.xml:15:13-84
281            android:directBootAware="true"
281-->[com.google.firebase:firebase-common:20.4.2] AndroidManifest.xml:32:13-43
282            android:exported="false" >
282-->[com.google.firebase:firebase-firestore:24.10.0] AndroidManifest.xml:16:13-37
283            <meta-data
283-->[com.google.firebase:firebase-firestore:24.10.0] AndroidManifest.xml:17:13-19:85
284                android:name="com.google.firebase.components:com.google.firebase.firestore.FirebaseFirestoreKtxRegistrar"
284-->[com.google.firebase:firebase-firestore:24.10.0] AndroidManifest.xml:18:17-122
285                android:value="com.google.firebase.components.ComponentRegistrar" />
285-->[com.google.firebase:firebase-firestore:24.10.0] AndroidManifest.xml:19:17-82
286            <meta-data
286-->[com.google.firebase:firebase-firestore:24.10.0] AndroidManifest.xml:20:13-22:85
287                android:name="com.google.firebase.components:com.google.firebase.firestore.FirestoreRegistrar"
287-->[com.google.firebase:firebase-firestore:24.10.0] AndroidManifest.xml:21:17-111
288                android:value="com.google.firebase.components.ComponentRegistrar" />
288-->[com.google.firebase:firebase-firestore:24.10.0] AndroidManifest.xml:22:17-82
289            <meta-data
289-->[com.google.firebase:firebase-messaging:23.4.0] AndroidManifest.xml:57:13-59:85